Diagnose log at 2025-11-16T11:45:55Z

AppPath: C:\Program Files\Git\mingw64\bin\git-credential-manager.exe
InstallDir: C:\Program Files\Git\mingw64\bin\
Version: 2.6.1+786ab03440ddc82e807a97c0e540f5247e44cec6

------------
Diagnostic: Environment
Skipped: False
Success: True
Exception: None
Log:
OSType: Windows
OSVersion: 10.0 (build 26200)
Reading environment variables... OK
 Variables:
HOMEPATH=\Users\HP
DriverData=C:\Windows\System32\Drivers\DriverData
COMPUTERNAME=ANURAG
GIT_TRACE2_PARENT_SID=cbaa1bd9-664d-41c5-bdcc-16b99dc6a26a
CommonProgramFiles(x86)=C:\Program Files (x86)\Common Files
OneDrive=C:\Users\HP\OneDrive
PyCharm=C:\Program Files\JetBrains\PyCharm 2025.1.3.1\bin;
RegionCode=APJ
TMP=C:\Users\HP\AppData\Local\Temp
PROCESSOR_REVISION=5000
PATHEXT=.COM;.EXE;.BAT;.CMD;.VBS;.VBE;.JS;.JSE;.WSF;.WSH;.MSC;.CPL
GPU_MAX_HEAP_SIZE=100
GIT_EXEC_PATH=C:/Program Files/Git/mingw64/libexec/git-core
PYTHONPATH=C:\Users\HP\OneDrive\Desktop\prj
LOCALAPPDATA=C:\Users\HP\AppData\Local
MSYSTEM=MINGW64
GPU_SINGLE_ALLOC_PERCENT=100
GPU_FORCE_64BIT_PTR=0
ProgramData=C:\ProgramData
USERDOMAIN=ANURAG
platformcode=M7
Path=C:/Program Files/Git/mingw64/libexec/git-core;C:\Program Files\Git\mingw64\bin;C:\Program Files\Git\usr\bin;C:\Users\HP\bin;C:\Program Files (x86)\Common Files\Oracle\Java\java8path;C:\Program Files (x86)\Common Files\Oracle\Java\javapath;C:\WINDOWS\system32;C:\WINDOWS;C:\WINDOWS\System32\Wbem;C:\WINDOWS\System32\WindowsPowerShell\v1.0\;C:\WINDOWS\System32\OpenSSH\;C:\Program Files (x86)\NVIDIA Corporation\PhysX\Common;C:\WINDOWS\system32;C:\WINDOWS;C:\WINDOWS\System32\Wbem;C:\WINDOWS\System32\WindowsPowerShell\v1.0\;C:\WINDOWS\System32\OpenSSH\;C:\MinGW\bin;C:\msys64\mingw32\bin;C:\msys64\mingw64\bin;C:\msys64\ucrt64\bin;C:\Program Files\NVIDIA Corporation\NVIDIA App\NvDLISR;C:\Program Files\Git\cmd;C:\Program Files\MySQL\MySQL Shell 8.0\bin\;C:\Users\HP\AppData\Local\Microsoft\WindowsApps;C:\MinGW\bin;C:\MinGW\mingw32\bin;C:\Dev-Cpp\bin;C:\Users\HP\AppData\Local\Programs\Microsoft VS Code\bin;C:\Program Files\JetBrains\PyCharm 2025.1.3.1\bin;;C:\Users\HP\AppData\Local\Python\bin;C:\Users\HP\AppData\Local\GitHubDesktop\bin
PROCESSOR_LEVEL=25
PROCESSOR_IDENTIFIER=AMD64 Family 25 Model 80 Stepping 0, AuthenticAMD
TMPDIR=C:\Users\HP\AppData\Local\Temp
ProgramFiles(x86)=C:\Program Files (x86)
PUBLIC=C:\Users\Public
NUMBER_OF_PROCESSORS=12
SESSIONNAME=Console
CommonProgramFiles=C:\Program Files (x86)\Common Files
TERM=xterm-256color
PLINK_PROTOCOL=ssh
COLORTERM=truecolor
ProgramW6432=C:\Program Files
ProgramFiles=C:\Program Files (x86)
RG_GPU_FRAMEWORK_ENGINE_RESOURCEDIR=C:\Program Files\Red Giant\RGFX
OnlineServices=Online Services
AMDRMSDKPATH=C:\Program Files\AMD\RyzenMasterSDK\
SystemRoot=C:\WINDOWS
HOME=C:\Users\HP
GPU_USE_SYNC_OBJECTS=1
LC_CTYPE=C.UTF-8
CommonProgramW6432=C:\Program Files\Common Files
GPU_MAX_ALLOC_PERCENT=100
LOGONSERVER=\\ANURAG
USERPROFILE=C:\Users\HP
EFC_11752_1592913036=1
USERDOMAIN_ROAMINGPROFILE=ANURAG
APPDATA=C:\Users\HP\AppData\Roaming
HOMEDRIVE=C:
PSModulePath=C:\Users\HP\OneDrive\Documents\WindowsPowerShell\Modules;C:\Program Files\WindowsPowerShell\Modules;C:\WINDOWS\system32\WindowsPowerShell\v1.0\Modules
VBOX_HWVIRTEX_IGNORE_SVM_IN_USE=1
USERNAME=HP
PROCESSOR_ARCHITEW6432=AMD64
PROCESSOR_ARCHITECTURE=x86
OS=Windows_NT
ComSpec=C:\WINDOWS\system32\cmd.exe
TEMP=C:\Users\HP\AppData\Local\Temp
SystemDrive=C:
windir=C:\WINDOWS
OneDriveConsumer=C:\Users\HP\OneDrive
ALLUSERSPROFILE=C:\ProgramData


------------
Diagnostic: File system
Skipped: False
Success: True
Exception: None
Log:
Temporary directory is 'C:\Users\HP\AppData\Local\Temp\'...
Checking basic file I/O...
Writing to temporary file 'C:\Users\HP\AppData\Local\Temp\3b4d4ed29b3d472fffbc4a40'... OK
Reading from temporary file 'C:\Users\HP\AppData\Local\Temp\3b4d4ed29b3d472fffbc4a40'... OK
Deleting temporary file 'C:\Users\HP\AppData\Local\Temp\3b4d4ed29b3d472fffbc4a40'... OK
Testing IFileSystem instance...
UserHomePath: C:\Users\HP
UserDataDirectoryPath: C:\Users\HP\.gcm
GetCurrentDirectory(): C:\Users\HP\OneDrive\Desktop\social_analytics_tool

------------
Diagnostic: Networking
Skipped: False
Success: True
Exception: None
Log:
Checking networking and HTTP stack...
Creating HTTP client... OK
IsNetworkAvailable: True
Sending HEAD request to http://example.com...Sending HEAD request to https://example.com... OK
 OK
Acquiring free TCP port... OK
Testing local HTTP loopback connections...
Creating new HTTP listener for http://localhost:55443/... OK
Waiting for loopback connection... OK
Writing response... OK
Waiting for response data... OK
Loopback connection data OK

------------
Diagnostic: Git
Skipped: False
Success: True
Exception: None
Log:
Getting Git version... OK
Git version is '2.49.0.windows.1'
Locating current repository...Git repository at 'C:/Users/HP/OneDrive/Desktop/social_analytics_tool/.git'
 OK
Listing all Git configuration... OK
Git configuration:
file:C:/Program Files/Git/etc/gitconfig	diff.astextplain.textconv=astextplain
file:C:/Program Files/Git/etc/gitconfig	filter.lfs.clean=git-lfs clean -- %f
file:C:/Program Files/Git/etc/gitconfig	filter.lfs.smudge=git-lfs smudge -- %f
file:C:/Program Files/Git/etc/gitconfig	filter.lfs.process=git-lfs filter-process
file:C:/Program Files/Git/etc/gitconfig	filter.lfs.required=true
file:C:/Program Files/Git/etc/gitconfig	http.sslbackend=openssl
file:C:/Program Files/Git/etc/gitconfig	http.sslcainfo=C:/Program Files/Git/mingw64/etc/ssl/certs/ca-bundle.crt
file:C:/Program Files/Git/etc/gitconfig	core.autocrlf=true
file:C:/Program Files/Git/etc/gitconfig	core.fscache=true
file:C:/Program Files/Git/etc/gitconfig	core.symlinks=false
file:C:/Program Files/Git/etc/gitconfig	pull.rebase=false
file:C:/Program Files/Git/etc/gitconfig	credential.helper=manager
file:C:/Program Files/Git/etc/gitconfig	credential.https://dev.azure.com.usehttppath=true
file:C:/Program Files/Git/etc/gitconfig	init.defaultbranch=master
file:C:/Users/HP/.gitconfig	user.email=anurag_c@ee.iitr.ac.in
file:C:/Users/HP/.gitconfig	user.name=Anurag Chauhan
file:C:/Users/HP/.gitconfig	filter.lfs.clean=git-lfs clean -- %f
file:C:/Users/HP/.gitconfig	filter.lfs.smudge=git-lfs smudge -- %f
file:C:/Users/HP/.gitconfig	filter.lfs.process=git-lfs filter-process
file:C:/Users/HP/.gitconfig	filter.lfs.required=true
file:C:/Users/HP/.gitconfig	credential.helper=
file:C:/Users/HP/.gitconfig	credential.helper=C:/Program\ Files/Git/mingw64/bin/git-credential-manager.exe
file:.git/config	core.repositoryformatversion=0
file:.git/config	core.filemode=false
file:.git/config	core.bare=false
file:.git/config	core.logallrefupdates=true
file:.git/config	core.symlinks=false
file:.git/config	core.ignorecase=true
file:.git/config	remote.origin.url=https://github.com/AnuragChauhan1120/social_analytics_tool.git
file:.git/config	remote.origin.fetch=+refs/heads/*:refs/remotes/origin/*
file:.git/config	lfs.repositoryformatversion=0


------------
Diagnostic: Credential storage
Skipped: False
Success: True
Exception: None
Log:
ICredentialStore instance is of type: CredentialStore
Writing test credential... OK
Reading test credential... OK
Deleting test credential... OK

------------
Diagnostic: Microsoft authentication (AAD/MSA)
Skipped: False
Success: True
Exception: None
Log:
Broker is not enabled.
Flow type is: Auto
Gathering MSAL token cache data... OK
CacheDirectory: C:\Users\HP\AppData\Local\.IdentityService
CacheFileName: msal.cache
CacheFilePath: C:\Users\HP\AppData\Local\.IdentityService\msal.cache
Creating cache helper... OK
Verifying MSAL token cache persistence... OK

------------
Diagnostic: GitHub API
Skipped: False
Success: True
Exception: None
Log:
Using 'https://github.com/' as API target.
Querying '/meta' endpoint... OK

